make all --print-data-base --no-builtin-variables --no-builtin-rules --question
# GNU Make 3.81
# Copyright (C) 2006  Free Software Foundation, Inc.
# This is free software; see the source for copying conditions.
# There is NO warranty; not even for MERCHANTABILITY or FITNESS FOR A
# PARTICULAR PURPOSE.

# This program built for i386-apple-darwin11.3.0
 

# Make data base, printed on Fri Jun 17 18:24:54 2022

# Variables

# automatic
<D = $(patsubst %/,%,$(dir $<))
# automatic
?F = $(notdir $?)
# makefile (from `Makefile', line 13)
OBJ = $(SRCP:%.c=%.o)
# makefile (from `Makefile', line 7)
SRC = minishell.c checker.c list_utils.c tokenizer.c toknizer_utils1.c toknizer_utils2.c toknizer_utils3.c toknizer_utils4.c syntax_validation.c add_flag.c 
# environment
VSCODE_LOG_NATIVE = false
# automatic
?D = $(patsubst %/,%,$(dir $?))
# automatic
@D = $(patsubst %/,%,$(dir $@))
# automatic
@F = $(notdir $@)
# makefile
CURDIR := /Users/aouhadou/Desktop/minishell_beta
# makefile
SHELL = /bin/sh
# environment
VSCODE_NLS_CONFIG = {"locale":"en-us","availableLanguages":{},"_languagePackSupport":true}
# environment
_ = /usr/bin/make
# makefile (from `Makefile', line 46)
BLUE = \033[0;34m
# makefile (from `Makefile', line 11)
SRCP = $(addprefix $(SRCF), $(SRC))
# makefile (from `Makefile', line 1)
MAKEFILE_LIST :=  Makefile
# environment
VSCODE_VERBOSE_LOGGING = true
# environment
VSCODE_IPC_HOOK_EXTHOST = /var/folders/zz/zyxvpxvq6csfxvn_n000ccrm003365/T/vscode-ipc-b7b0f7e9-3729-4a76-b533-7225465f787b.sock
# makefile (from `Makefile', line 5)
SRCF = sources/
# environment
VSCODE_CWD = /
# environment
PATH = /Users/aouhadou/goinfre/.brew/bin:/Users/aouhadou/.brew/bin:/Users/aouhadou/.brew/bin:/Users/aouhadou/.brew/bin:/usr/local/bin:/usr/bin:/bin:/usr/sbin:/sbin:/usr/local/munki:/Library/Frameworks/Mono.framework/Versions/Current/Commands
# environment
LSCOLORS = Gxfxcxdxbxegedabagacad
# environment
VSCODE_LOG_STACK = false
# environment
ELECTRON_RUN_AS_NODE = 1
# default
.FEATURES := target-specific order-only second-expansion else-if archives jobserver check-symlink
# makefile (from `Makefile', line 42)
PURPLE = \033[0;35m
# environment
SSH_AUTH_SOCK = /private/tmp/com.apple.launchd.IydFvkcQRj/Listeners
# automatic
%F = $(notdir $%)
# environment
VSCODE_PIPE_LOGGING = true
# environment
PWD = /Users/aouhadou/Desktop/minishell_beta
# environment
ORIGINAL_XDG_CURRENT_DESKTOP = undefined
# makefile (from `Makefile', line 40)
GREEN = \033[0;32m
# environment
VSCODE_AMD_ENTRYPOINT = vs/workbench/api/node/extensionHostProcess
# environment
HOME = /Users/aouhadou
# makefile (from `Makefile', line 48)
TAB = "\	"
# default
MAKEFILEPATH = $(shell /usr/bin/xcode-select -print-path 2>/dev/null || echo /Developer)/Makefiles
# environment
VSCODE_CODE_CACHE_PATH = /Users/aouhadou/Library/Application Support/Code/CachedData/57fd6d0195bb9b9d1b49f6da5db789060795de47
# environment
LOGNAME = aouhadou
# environment
APPLICATION_INSIGHTS_NO_DIAGNOSTIC_CHANNEL = 1
# environment
ZSH = /Users/aouhadou/.oh-my-zsh
# environment
VSCODE_HANDLES_UNCAUGHT_ERRORS = true
# automatic
^D = $(patsubst %/,%,$(dir $^))
# environment
XPC_FLAGS = 0x0
# default
MAKE = $(MAKE_COMMAND)
# default
MAKECMDGOALS := all
# environment
SHLVL = 1
# makefile (from `Makefile', line 1)
CC = gcc 
# default
MAKE_VERSION := 3.81
# environment
USER = aouhadou
# makefile
.DEFAULT_GOAL := all
# makefile (from `Makefile', line 15)
NAME = minishell
# environment
LESS = -R
# automatic
%D = $(patsubst %/,%,$(dir $%))
# default
MAKE_COMMAND := /Library/Developer/CommandLineTools/usr/bin/make
# default
.VARIABLES := 
# environment
TMPDIR = /var/folders/zz/zyxvpxvq6csfxvn_n000ccrm003365/T/
# automatic
*F = $(notdir $*)
# environment
VSCODE_IPC_HOOK = /Users/aouhadou/Library/Application Support/Code/1.67.0-main.sock
# makefile (from `Makefile', line 41)
RED = \033[0;31m
# makefile
MAKEFLAGS = Rrqp
# environment
MFLAGS = -Rrqp
# automatic
*D = $(patsubst %/,%,$(dir $*))
# environment
XPC_SERVICE_NAME = com.microsoft.VSCode.1100
# automatic
+D = $(patsubst %/,%,$(dir $+))
# makefile (from `Makefile', line 45)
YELLOW = \033[0;33m
# makefile (from `Makefile', line 43)
CYAN = \033[0;36m
# automatic
+F = $(notdir $+)
# environment
__CF_USER_TEXT_ENCODING = 0x18CC5:0x0:0x0
# default
MAKEFILES := 
# environment
HOMEBREW_NO_AUTO_UPDATE = 1
# automatic
<F = $(notdir $<)
# environment
PAGER = less
# environment
LC_ALL = C
# makefile (from `Makefile', line 44)
RESET = \033[0m
# automatic
^F = $(notdir $^)
# default
SUFFIXES := 
# makefile (from `Makefile', line 3)
FLAGS = -Wall -Wextra -Werror -lreadline 
# makefile (from `Makefile', line 47)
CHANGE = \033[0;35m
# default
.INCLUDE_DIRS = /usr/local/include
# environment
MAKELEVEL := 0
# environment
LANG = C
# environment
VSCODE_PID = 1204
# variable set hash-table stats:
# Load=81/1024=8%, Rehash=0, Collisions=5/118=4%

# Pattern-specific Variable Values

# No pattern-specific variable values.

# Directories

# . (device 16777225, inode 5468834): 9 files, no impossibilities.
# sources (device 16777225, inode 5726605): 6 files, no impossibilities so far.
# includes (device 16777225, inode 5726600): 3 files, no impossibilities so far.

# 18 files, no impossibilities in 3 directories.

# Implicit Rules

%.o: %.c includes/minishell.h
#  commands to execute (from `Makefile', line 24):
	@make -C ./libft
	@$(CC) $(CFLAGS) -c $< -o $@
	@echo "$(CHANGE)$(GREEN)∰$(RESET)\c"
	

# 1 implicit rules, 0 (0.0%) terminal.

# Files

# Not a target:
sources/list_utils.o:
#  Implicit rule search has not been done.
#  Modification time never checked.
#  File has not been updated.

# Not a target:
sources/tokenizer.o:
#  Implicit rule search has not been done.
#  Modification time never checked.
#  File has not been updated.

all: minishell
#  Phony target (prerequisite of .PHONY).
#  Command-line target.
#  Implicit rule search has not been done.
#  File does not exist.
#  File has been updated.
#  Needs to be updated (-q is set).
# variable set hash-table stats:
# Load=0/32=0%, Rehash=0, Collisions=0/7=0%

sources/minishell.o: sources/minishell.c includes/minishell.h
#  Implicit rule search has been done.
#  Implicit/static pattern stem: `sources/minishell'
#  File does not exist.
#  File has been updated.
#  Needs to be updated (-q is set).
# automatic
# @ := sources/minishell.o
# automatic
# % := 
# automatic
# * := sources/minishell
# automatic
# + := sources/minishell.c includes/minishell.h
# automatic
# | := 
# automatic
# < := sources/minishell.c
# automatic
# ^ := sources/minishell.c includes/minishell.h
# automatic
# ? := sources/minishell.c includes/minishell.h
# variable set hash-table stats:
# Load=8/32=25%, Rehash=0, Collisions=2/17=12%
#  commands to execute (from `Makefile', line 24):
	@make -C ./libft
	@$(CC) $(CFLAGS) -c $< -o $@
	@echo "$(CHANGE)$(GREEN)∰$(RESET)\c"
	

.PHONY: all clean fclean re
#  Implicit rule search has not been done.
#  Modification time never checked.
#  File has not been updated.

# Not a target:
sources/toknizer_utils4.o:
#  Implicit rule search has not been done.
#  Modification time never checked.
#  File has not been updated.

# Not a target:
sources/add_flag.o:
#  Implicit rule search has not been done.
#  Modification time never checked.
#  File has not been updated.

# Not a target:
.SUFFIXES:
#  Implicit rule search has not been done.
#  Modification time never checked.
#  File has not been updated.

# Not a target:
Makefile:
#  Implicit rule search has been done.
#  Last modified 2022-06-17 16:56:12
#  File has been updated.
#  Successfully updated.
# variable set hash-table stats:
# Load=0/32=0%, Rehash=0, Collisions=0/0=0%

# Not a target:
sources/toknizer_utils3.o:
#  Implicit rule search has not been done.
#  Modification time never checked.
#  File has not been updated.

# Not a target:
sources/syntax_validation.o:
#  Implicit rule search has not been done.
#  Modification time never checked.
#  File has not been updated.

minishell: sources/minishell.o sources/checker.o sources/list_utils.o sources/tokenizer.o sources/toknizer_utils1.o sources/toknizer_utils2.o sources/toknizer_utils3.o sources/toknizer_utils4.o sources/syntax_validation.o sources/add_flag.o
#  Implicit rule search has not been done.
#  File does not exist.
#  File has been updated.
#  Needs to be updated (-q is set).
# variable set hash-table stats:
# Load=0/32=0%, Rehash=0, Collisions=0/7=0%
#  commands to execute (from `Makefile', line 20):
	@$(CC) $(FLAGS) ./libft/libft.a $(OBJ) -o $(NAME)
 
	@echo "$(GREEN) " MINISHELL DONE" $(RESET)\n"
	

# Not a target:
sources/minishell.c:
#  Implicit rule search has been done.
#  Last modified 2022-06-17 16:53:42
#  File has been updated.
#  Successfully updated.
# variable set hash-table stats:
# Load=0/32=0%, Rehash=0, Collisions=0/0=0%

fclean: clean
#  Phony target (prerequisite of .PHONY).
#  Implicit rule search has not been done.
#  File does not exist.
#  File has not been updated.
#  commands to execute (from `Makefile', line 33):
	@rm -rf $(NAME)
	

# Not a target:
.DEFAULT:
#  Implicit rule search has not been done.
#  Modification time never checked.
#  File has not been updated.

# Not a target:
sources/toknizer_utils1.o:
#  Implicit rule search has not been done.
#  Modification time never checked.
#  File has not been updated.

re: clean all
#  Phony target (prerequisite of .PHONY).
#  Implicit rule search has not been done.
#  File does not exist.
#  File has not been updated.

clean:
#  Phony target (prerequisite of .PHONY).
#  Implicit rule search has not been done.
#  File does not exist.
#  File has not been updated.
#  commands to execute (from `Makefile', line 29):
	@rm -rf $(OBJ)
	@make fclean -C ./libft
	

# Not a target:
sources/checker.o:
#  Implicit rule search has not been done.
#  Modification time never checked.
#  File has not been updated.

# Not a target:
sources/toknizer_utils2.o:
#  Implicit rule search has not been done.
#  Modification time never checked.
#  File has not been updated.

# Not a target:
includes/minishell.h:
#  Implicit rule search has been done.
#  Last modified 2022-06-17 16:55:40
#  File has been updated.
#  Successfully updated.
# variable set hash-table stats:
# Load=0/32=0%, Rehash=0, Collisions=0/0=0%

# files hash-table stats:
# Load=21/1024=2%, Rehash=0, Collisions=0/57=0%
# VPATH Search Paths

# No `vpath' search paths.

# No general (`VPATH' variable) search path.

# # of strings in strcache: 1
# # of strcache buffers: 1
# strcache size: total = 4096 / max = 4096 / min = 4096 / avg = 4096
# strcache free: total = 4087 / max = 4087 / min = 4087 / avg = 4087

# Finished Make data base on Fri Jun 17 18:24:54 2022

 
